{
  "stats": {
    "suites": 2,
    "tests": 5,
    "passes": 5,
    "pending": 0,
    "failures": 0,
    "start": "2022-09-20T19:38:16.787Z",
    "end": "2022-09-20T19:38:19.975Z",
    "duration": 3188,
    "testsRegistered": 5,
    "passPercent": 100,
    "pendingPercent": 0,
    "other": 0,
    "hasOther": false,
    "skipped": 0,
    "hasSkipped": false
  },
  "results": [
    {
      "uuid": "b3f30f8b-acc4-4498-9fc1-3948f21d540f",
      "title": "",
      "fullFile": "cypress/integration/4.carrinhos.spec.js",
      "file": "cypress/integration/4.carrinhos.spec.js",
      "beforeHooks": [],
      "afterHooks": [],
      "tests": [],
      "suites": [
        {
          "uuid": "422f0ced-3db9-44d7-835c-5d65ea723e12",
          "title": "Casos de teste sobre a rota /carrinhos da API Serverest",
          "fullFile": "",
          "file": "",
          "beforeHooks": [],
          "afterHooks": [],
          "tests": [
            {
              "title": "Deve buscar todos os carrinhos cadastrados",
              "fullTitle": "Casos de teste sobre a rota /carrinhos da API Serverest Deve buscar todos os carrinhos cadastrados",
              "timedOut": null,
              "duration": 265,
              "state": "passed",
              "speed": "fast",
              "pass": true,
              "fail": false,
              "pending": false,
              "context": null,
              "code": "_serverest.default.buscarCarrinhos().then(res => {\n  cy.contractValidation(res, 'get-carrinhos', 200);\n  _validaServerest.default.validarBuscaDeCarrinhos(res);\n});",
              "err": {},
              "uuid": "0ed9b788-1aee-4926-b174-141dae80c337",
              "parentUUID": "422f0ced-3db9-44d7-835c-5d65ea723e12",
              "isHook": false,
              "skipped": false
            }
          ],
          "suites": [
            {
              "uuid": "69799309-67ab-4547-b520-580ace8581d5",
              "title": "Realizar o login com sucesso",
              "fullFile": "",
              "file": "",
              "beforeHooks": [],
              "afterHooks": [],
              "tests": [
                {
                  "title": "Deve cadastrar um carrinho com sucesso",
                  "fullTitle": "Casos de teste sobre a rota /carrinhos da API Serverest Realizar o login com sucesso Deve cadastrar um carrinho com sucesso",
                  "timedOut": null,
                  "duration": 875,
                  "state": "passed",
                  "speed": "fast",
                  "pass": true,
                  "fail": false,
                  "pending": false,
                  "context": null,
                  "code": "_serverest.default.buscarProdutoParaCarrinho(); //Aqui eu faço a busca de um produto aleatório dentro da lista de produtos\n\ncy.get('@produtoParaCarrinho').then(produto => {\n  //O produto retornado na linha acima é chamado aqui no cy.get('@produtoParaCarrinho') e enviado para a próxima função para a adição do carrinho\n  _serverest.default.adicionarCarrinhoComSucesso(produto).then(res => {\n    cy.contractValidation(res, 'post-carrinhos', 201);\n    _validaServerest.default.validarCadastroDeCarrinho(res);\n  });\n});",
                  "err": {},
                  "uuid": "ee119f55-bc5f-4057-ba18-08aebada9153",
                  "parentUUID": "69799309-67ab-4547-b520-580ace8581d5",
                  "isHook": false,
                  "skipped": false
                },
                {
                  "title": "Deve buscar um carrinho pelo seu Id",
                  "fullTitle": "Casos de teste sobre a rota /carrinhos da API Serverest Realizar o login com sucesso Deve buscar um carrinho pelo seu Id",
                  "timedOut": null,
                  "duration": 665,
                  "state": "passed",
                  "speed": "fast",
                  "pass": true,
                  "fail": false,
                  "pending": false,
                  "context": null,
                  "code": "_serverest.default.buscarCarrinhoCadastradoPorId().then(res => {\n  cy.contractValidation(res, 'get-carrinhos-by-id', 200);\n  _validaServerest.default.validarBuscaDeCarrinhoPorId(res);\n});",
                  "err": {},
                  "uuid": "429e5b85-8cc9-4e8e-9ae4-a9524269a68d",
                  "parentUUID": "69799309-67ab-4547-b520-580ace8581d5",
                  "isHook": false,
                  "skipped": false
                },
                {
                  "title": "Deve realizar a busca de um carrinho por um Id não existente",
                  "fullTitle": "Casos de teste sobre a rota /carrinhos da API Serverest Realizar o login com sucesso Deve realizar a busca de um carrinho por um Id não existente",
                  "timedOut": null,
                  "duration": 698,
                  "state": "passed",
                  "speed": "fast",
                  "pass": true,
                  "fail": false,
                  "pending": false,
                  "context": null,
                  "code": "_serverest.default.buscarCarrinhoCadastradoPorIdSemSucesso().then(res => {\n  cy.contractValidation(res, 'get-carrinhos-by-id', 400);\n  _validaServerest.default.validarBuscaDeCarrinhoCadastradoPorIdSemSucesso(res);\n});",
                  "err": {},
                  "uuid": "0a2987ce-a4b5-41a6-b008-d2a447ab7f8c",
                  "parentUUID": "69799309-67ab-4547-b520-580ace8581d5",
                  "isHook": false,
                  "skipped": false
                },
                {
                  "title": "Deve realizar a exclusão do carrinho através da finalização da compra com sucesso",
                  "fullTitle": "Casos de teste sobre a rota /carrinhos da API Serverest Realizar o login com sucesso Deve realizar a exclusão do carrinho através da finalização da compra com sucesso",
                  "timedOut": null,
                  "duration": 649,
                  "state": "passed",
                  "speed": "fast",
                  "pass": true,
                  "fail": false,
                  "pending": false,
                  "context": null,
                  "code": "_serverest.default.concluirCompraComSucesso().then(res => {\n  cy.contractValidation(res, 'delete-carrinhos-concluir-compra', 200);\n  _validaServerest.default.validarFinalizaçãoDeCompraComSucesso(res);\n});",
                  "err": {},
                  "uuid": "225b8dad-5f2f-402b-9230-779a68b53b5a",
                  "parentUUID": "69799309-67ab-4547-b520-580ace8581d5",
                  "isHook": false,
                  "skipped": false
                }
              ],
              "suites": [],
              "passes": [
                "ee119f55-bc5f-4057-ba18-08aebada9153",
                "429e5b85-8cc9-4e8e-9ae4-a9524269a68d",
                "0a2987ce-a4b5-41a6-b008-d2a447ab7f8c",
                "225b8dad-5f2f-402b-9230-779a68b53b5a"
              ],
              "failures": [],
              "pending": [],
              "skipped": [],
              "duration": 2887,
              "root": false,
              "rootEmpty": false,
              "_timeout": 2000
            }
          ],
          "passes": [
            "0ed9b788-1aee-4926-b174-141dae80c337"
          ],
          "failures": [],
          "pending": [],
          "skipped": [],
          "duration": 265,
          "root": false,
          "rootEmpty": false,
          "_timeout": 2000
        }
      ],
      "passes": [],
      "failures": [],
      "pending": [],
      "skipped": [],
      "duration": 0,
      "root": true,
      "rootEmpty": true,
      "_timeout": 2000
    }
  ],
  "meta": {
    "mocha": {
      "version": "7.0.1"
    },
    "mochawesome": {
      "options": {
        "quiet": false,
        "reportFilename": "mochawesome",
        "saveHtml": false,
        "saveJson": true,
        "consoleReporter": "spec",
        "useInlineDiffs": false,
        "code": true
      },
      "version": "7.1.3"
    },
    "marge": {
      "options": {
        "id": "default",
        "reportDir": "cypress/reports/mocha",
        "quite": true,
        "overwrite": false,
        "html": false,
        "json": true
      },
      "version": "6.2.0"
    }
  }
}