{
  "stats": {
    "suites": 1,
    "tests": 3,
    "passes": 1,
    "pending": 0,
    "failures": 2,
    "start": "2022-09-20T19:37:59.113Z",
    "end": "2022-09-20T19:38:00.942Z",
    "duration": 1829,
    "testsRegistered": 3,
    "passPercent": 33.33333333333333,
    "pendingPercent": 0,
    "other": 0,
    "hasOther": false,
    "skipped": 0,
    "hasSkipped": false
  },
  "results": [
    {
      "uuid": "dc5130c1-dce3-450f-8924-3aafefad23a1",
      "title": "",
      "fullFile": "cypress/integration/2.login.spec.js",
      "file": "cypress/integration/2.login.spec.js",
      "beforeHooks": [],
      "afterHooks": [],
      "tests": [],
      "suites": [
        {
          "uuid": "372daaf5-c076-4868-97bd-43a05d7a8769",
          "title": "Casos de teste sobre a rota /login da API Serverest",
          "fullFile": "",
          "file": "",
          "beforeHooks": [],
          "afterHooks": [],
          "tests": [
            {
              "title": "Deve realizar o login corretamente",
              "fullTitle": "Casos de teste sobre a rota /login da API Serverest Deve realizar o login corretamente",
              "timedOut": null,
              "duration": 497,
              "state": "passed",
              "speed": "fast",
              "pass": true,
              "fail": false,
              "pending": false,
              "context": null,
              "code": "_serverest.default.buscarUsuarioParaLogin();\ncy.get('@usuarioLogin').then(usuario => {\n  _serverest.default.logar(usuario).then(res => {\n    cy.contractValidation(res, 'post-login', 200);\n    _validaServerest.default.validaLoginComSucesso(res);\n    _serverest.default.salvarBearer(res);\n  });\n});",
              "err": {},
              "uuid": "a7ffdc23-1ec8-49f1-9254-4fd245590810",
              "parentUUID": "372daaf5-c076-4868-97bd-43a05d7a8769",
              "isHook": false,
              "skipped": false
            },
            {
              "title": "Deve realizar a tentativa de login com senha errada sem sucesso",
              "fullTitle": "Casos de teste sobre a rota /login da API Serverest Deve realizar a tentativa de login com senha errada sem sucesso",
              "timedOut": null,
              "duration": 773,
              "state": "failed",
              "speed": null,
              "pass": false,
              "fail": true,
              "pending": false,
              "context": null,
              "code": "_serverest.default.buscarUsuarioComSenhaErrada();\ncy.get('@usuarioComSenhaErrada').then(usuario => {\n  _serverest.default.logar(usuario).then(res => {\n    cy.contractValidation(res, 'post-login', 400);\n    _validaServerest.default.validaLoginSemSucesso(res);\n  });\n});",
              "err": {
                "message": "AssertionError: expected 401 to equal 400",
                "estack": "AssertionError: expected 401 to equal 400\n    at Function.validaLoginSemSucesso (https://serverest.dev/__cypress/tests?p=cypress\\integration\\2.login.spec.js:555:32)\n    at Context.eval (https://serverest.dev/__cypress/tests?p=cypress\\integration\\2.login.spec.js:197:34)",
                "diff": "- 401\n+ 400\n"
              },
              "uuid": "db29c192-23c4-414e-99b9-b2d9d3254857",
              "parentUUID": "372daaf5-c076-4868-97bd-43a05d7a8769",
              "isHook": false,
              "skipped": false
            },
            {
              "title": "Deve realizar tentativa de login sem sucesso",
              "fullTitle": "Casos de teste sobre a rota /login da API Serverest Deve realizar tentativa de login sem sucesso",
              "timedOut": null,
              "duration": 464,
              "state": "failed",
              "speed": null,
              "pass": false,
              "fail": true,
              "pending": false,
              "context": null,
              "code": "let usuario = {\n  email: 'naoexiste@test.com',\n  password: '123'\n};\n_serverest.default.logar(usuario).then(res => {\n  cy.contractValidation(res, 'post-login', 400);\n  _validaServerest.default.validaLoginSemSucesso(res);\n});",
              "err": {
                "message": "AssertionError: expected 401 to equal 400",
                "estack": "AssertionError: expected 401 to equal 400\n    at Function.validaLoginSemSucesso (https://serverest.dev/__cypress/tests?p=cypress\\integration\\2.login.spec.js:555:32)\n    at Context.eval (https://serverest.dev/__cypress/tests?p=cypress\\integration\\2.login.spec.js:210:32)",
                "diff": "- 401\n+ 400\n"
              },
              "uuid": "432ae75c-82c2-45b1-ad34-eebdcbfac493",
              "parentUUID": "372daaf5-c076-4868-97bd-43a05d7a8769",
              "isHook": false,
              "skipped": false
            }
          ],
          "suites": [],
          "passes": [
            "a7ffdc23-1ec8-49f1-9254-4fd245590810"
          ],
          "failures": [
            "db29c192-23c4-414e-99b9-b2d9d3254857",
            "432ae75c-82c2-45b1-ad34-eebdcbfac493"
          ],
          "pending": [],
          "skipped": [],
          "duration": 1734,
          "root": false,
          "rootEmpty": false,
          "_timeout": 2000
        }
      ],
      "passes": [],
      "failures": [],
      "pending": [],
      "skipped": [],
      "duration": 0,
      "root": true,
      "rootEmpty": true,
      "_timeout": 2000
    }
  ],
  "meta": {
    "mocha": {
      "version": "7.0.1"
    },
    "mochawesome": {
      "options": {
        "quiet": false,
        "reportFilename": "mochawesome",
        "saveHtml": false,
        "saveJson": true,
        "consoleReporter": "spec",
        "useInlineDiffs": false,
        "code": true
      },
      "version": "7.1.3"
    },
    "marge": {
      "options": {
        "id": "default",
        "reportDir": "cypress/reports/mocha",
        "quite": true,
        "overwrite": false,
        "html": false,
        "json": true
      },
      "version": "6.2.0"
    }
  }
}