{
  "stats": {
    "suites": 1,
    "tests": 11,
    "passes": 11,
    "pending": 0,
    "failures": 0,
    "start": "2022-09-21T21:09:52.181Z",
    "end": "2022-09-21T21:09:55.536Z",
    "duration": 3355,
    "testsRegistered": 11,
    "passPercent": 100,
    "pendingPercent": 0,
    "other": 0,
    "hasOther": false,
    "skipped": 0,
    "hasSkipped": false
  },
  "results": [
    {
      "uuid": "a5cab744-8258-469e-80db-5e83ed728df7",
      "title": "",
      "fullFile": "cypress/integration/1.usuarios.spec.js",
      "file": "cypress/integration/1.usuarios.spec.js",
      "beforeHooks": [],
      "afterHooks": [],
      "tests": [],
      "suites": [
        {
          "uuid": "8e590497-e750-4d79-a13b-14cb21a7ef47",
          "title": "Casos de teste sobre a rota /usuarios da API Serverest",
          "fullFile": "",
          "file": "",
          "beforeHooks": [],
          "afterHooks": [],
          "tests": [
            {
              "title": "Deve buscar todos os usuários cadastrados",
              "fullTitle": "Casos de teste sobre a rota /usuarios da API Serverest Deve buscar todos os usuários cadastrados",
              "timedOut": null,
              "duration": 680,
              "state": "passed",
              "speed": "fast",
              "pass": true,
              "fail": false,
              "pending": false,
              "context": null,
              "code": "_serverest.default.buscarUsuarios().then(res => {\n  cy.contractValidation(res, 'get-usuarios', 200);\n  _validaServerest.default.validarBuscaDeUsuarios(res);\n});",
              "err": {},
              "uuid": "d625c17c-4b54-48f0-9fb2-8cb3a1372600",
              "parentUUID": "8e590497-e750-4d79-a13b-14cb21a7ef47",
              "isHook": false,
              "skipped": false
            },
            {
              "title": "Deve cadastrar um novo usuário administrador",
              "fullTitle": "Casos de teste sobre a rota /usuarios da API Serverest Deve cadastrar um novo usuário administrador",
              "timedOut": null,
              "duration": 226,
              "state": "passed",
              "speed": "fast",
              "pass": true,
              "fail": false,
              "pending": false,
              "context": null,
              "code": "_serverest.default.cadastrarNovoUsuarioAleatorio().then(res => {\n  cy.contractValidation(res, 'post-usuarios', 201);\n  _validaServerest.default.validarCadastroDeUsuarioComSucesso(res);\n});",
              "err": {},
              "uuid": "b829b641-af09-4302-9498-0f95fcc7b075",
              "parentUUID": "8e590497-e750-4d79-a13b-14cb21a7ef47",
              "isHook": false,
              "skipped": false
            },
            {
              "title": "Não deve realizar o cadastro de um usuário com e-mail já cadastrado",
              "fullTitle": "Casos de teste sobre a rota /usuarios da API Serverest Não deve realizar o cadastro de um usuário com e-mail já cadastrado",
              "timedOut": null,
              "duration": 457,
              "state": "passed",
              "speed": "fast",
              "pass": true,
              "fail": false,
              "pending": false,
              "context": null,
              "code": "_serverest.default.buscarUsuarioExistente();\ncy.get('@usuarioExistente').then(usuario => {\n  _serverest.default.cadastrarNovoUsuario(usuario).then(res => {\n    cy.contractValidation(res, 'post-usuarios', 400);\n    _validaServerest.default.validarCadastroDeUsuarioSemSucesso(res);\n  });\n});",
              "err": {},
              "uuid": "8fd4fbe5-5b3a-4b6c-b523-09a966e90042",
              "parentUUID": "8e590497-e750-4d79-a13b-14cb21a7ef47",
              "isHook": false,
              "skipped": false
            },
            {
              "title": "Deve buscar o usuário cadastrado pelo seu Id com sucesso",
              "fullTitle": "Casos de teste sobre a rota /usuarios da API Serverest Deve buscar o usuário cadastrado pelo seu Id com sucesso",
              "timedOut": null,
              "duration": 261,
              "state": "passed",
              "speed": "fast",
              "pass": true,
              "fail": false,
              "pending": false,
              "context": null,
              "code": "_serverest.default.buscarUsuarioPorId().then(res => {\n  cy.contractValidation(res, 'get-usuario-by-id', 200);\n  _validaServerest.default.validarBuscaDeUsuarioPorId(res);\n});",
              "err": {},
              "uuid": "2d38a39d-2ac3-40d3-b4d2-a59800f67486",
              "parentUUID": "8e590497-e750-4d79-a13b-14cb21a7ef47",
              "isHook": false,
              "skipped": false
            },
            {
              "title": "Deve buscar o usuário cadastrado pelo seu Id sem sucesso",
              "fullTitle": "Casos de teste sobre a rota /usuarios da API Serverest Deve buscar o usuário cadastrado pelo seu Id sem sucesso",
              "timedOut": null,
              "duration": 213,
              "state": "passed",
              "speed": "fast",
              "pass": true,
              "fail": false,
              "pending": false,
              "context": null,
              "code": "_serverest.default.buscarUsuarioPorIdSemSucesso().then(res => {\n  cy.contractValidation(res, 'get-usuario-by-id', 400);\n  _validaServerest.default.validarBuscaDeUsuarioPorIdSemSucesso(res);\n});",
              "err": {},
              "uuid": "ea81719a-6cad-4209-8a37-e24a226c79f5",
              "parentUUID": "8e590497-e750-4d79-a13b-14cb21a7ef47",
              "isHook": false,
              "skipped": false
            },
            {
              "title": "Deve editar os dados do usuário cadastrado",
              "fullTitle": "Casos de teste sobre a rota /usuarios da API Serverest Deve editar os dados do usuário cadastrado",
              "timedOut": null,
              "duration": 219,
              "state": "passed",
              "speed": "fast",
              "pass": true,
              "fail": false,
              "pending": false,
              "context": null,
              "code": "_serverest.default.editarUsuarioCadastrado().then(res => {\n  cy.contractValidation(res, 'put-usuarios-by-id', 200);\n  _validaServerest.default.validarEdicaoDeUsuario(res);\n});",
              "err": {},
              "uuid": "9c959627-01a2-4d4a-a413-3e3742ee5148",
              "parentUUID": "8e590497-e750-4d79-a13b-14cb21a7ef47",
              "isHook": false,
              "skipped": false
            },
            {
              "title": "Deve excluir o usuário cadastrado",
              "fullTitle": "Casos de teste sobre a rota /usuarios da API Serverest Deve excluir o usuário cadastrado",
              "timedOut": null,
              "duration": 198,
              "state": "passed",
              "speed": "fast",
              "pass": true,
              "fail": false,
              "pending": false,
              "context": null,
              "code": "_serverest.default.excluirUsuarioCadastrado().then(res => {\n  cy.contractValidation(res, 'delete-usuarios-by-id', 200);\n  _validaServerest.default.validarExclusaoDeUsuario(res);\n});",
              "err": {},
              "uuid": "b163a272-6f17-4914-a732-128f65d92ea8",
              "parentUUID": "8e590497-e750-4d79-a13b-14cb21a7ef47",
              "isHook": false,
              "skipped": false
            },
            {
              "title": "Não deve postar um novo usuário administrador já cadastrado",
              "fullTitle": "Casos de teste sobre a rota /usuarios da API Serverest Não deve postar um novo usuário administrador já cadastrado",
              "timedOut": null,
              "duration": 208,
              "state": "passed",
              "speed": "fast",
              "pass": true,
              "fail": false,
              "pending": false,
              "context": null,
              "code": "cy.postarUsuarioSemSucesso().then(res => {\n  cy.contractValidation(res, 'post-usuarios', 400);\n  _validaServerest.default.validarCadastroDeUsuarioSemSucesso(res);\n});",
              "err": {},
              "uuid": "0534d330-17db-46d5-8f64-054d1bf9e0ec",
              "parentUUID": "8e590497-e750-4d79-a13b-14cb21a7ef47",
              "isHook": false,
              "skipped": false
            },
            {
              "title": "Deve buscar e salvar um usuário no arquivo json",
              "fullTitle": "Casos de teste sobre a rota /usuarios da API Serverest Deve buscar e salvar um usuário no arquivo json",
              "timedOut": null,
              "duration": 300,
              "state": "passed",
              "speed": "fast",
              "pass": true,
              "fail": false,
              "pending": false,
              "context": null,
              "code": "_serverest.default.buscarUsuarios().then(res => {\n  cy.log(JSON.stringify(res.body.usuarios[0]));\n  cy.writeFile('./cypress/fixtures/users.json', res.body.usuarios[0]);\n  _validaServerest.default.validarBuscaDeUsuarios(res);\n});",
              "err": {},
              "uuid": "1a036210-aa81-4059-901f-c1344f49b89e",
              "parentUUID": "8e590497-e750-4d79-a13b-14cb21a7ef47",
              "isHook": false,
              "skipped": false
            },
            {
              "title": "Deve buscar e salvar os usuários administradores em um arquivo json",
              "fullTitle": "Casos de teste sobre a rota /usuarios da API Serverest Deve buscar e salvar os usuários administradores em um arquivo json",
              "timedOut": null,
              "duration": 276,
              "state": "passed",
              "speed": "fast",
              "pass": true,
              "fail": false,
              "pending": false,
              "context": null,
              "code": "_serverest.default.buscarUsuariosAdministradores();\ncy.get('@listaDeAdms').then(res => {\n  cy.log(JSON.stringify(res));\n  cy.writeFile('./cypress/fixtures/usuarios-adms.json', res);\n  _validaServerest.default.validarAdm(res);\n});",
              "err": {},
              "uuid": "1ad43d0a-003b-420f-8421-bc3c9eceb4e8",
              "parentUUID": "8e590497-e750-4d79-a13b-14cb21a7ef47",
              "isHook": false,
              "skipped": false
            },
            {
              "title": "Deve buscar e salvar os usuários não administradores em um arquivo json",
              "fullTitle": "Casos de teste sobre a rota /usuarios da API Serverest Deve buscar e salvar os usuários não administradores em um arquivo json",
              "timedOut": null,
              "duration": 256,
              "state": "passed",
              "speed": "fast",
              "pass": true,
              "fail": false,
              "pending": false,
              "context": null,
              "code": "_serverest.default.buscarUsuariosNaoAdministradores();\ncy.get('@listaDeNaoAdms').then(res => {\n  cy.log(JSON.stringify(res));\n  cy.writeFile('./cypress/fixtures/usuarios-nao-adms.json', res);\n  _validaServerest.default.validarAdm(res);\n});",
              "err": {},
              "uuid": "fc354fc8-beab-4e94-8bc7-c3d45480a022",
              "parentUUID": "8e590497-e750-4d79-a13b-14cb21a7ef47",
              "isHook": false,
              "skipped": false
            }
          ],
          "suites": [],
          "passes": [
            "d625c17c-4b54-48f0-9fb2-8cb3a1372600",
            "b829b641-af09-4302-9498-0f95fcc7b075",
            "8fd4fbe5-5b3a-4b6c-b523-09a966e90042",
            "2d38a39d-2ac3-40d3-b4d2-a59800f67486",
            "ea81719a-6cad-4209-8a37-e24a226c79f5",
            "9c959627-01a2-4d4a-a413-3e3742ee5148",
            "b163a272-6f17-4914-a732-128f65d92ea8",
            "0534d330-17db-46d5-8f64-054d1bf9e0ec",
            "1a036210-aa81-4059-901f-c1344f49b89e",
            "1ad43d0a-003b-420f-8421-bc3c9eceb4e8",
            "fc354fc8-beab-4e94-8bc7-c3d45480a022"
          ],
          "failures": [],
          "pending": [],
          "skipped": [],
          "duration": 3294,
          "root": false,
          "rootEmpty": false,
          "_timeout": 2000
        }
      ],
      "passes": [],
      "failures": [],
      "pending": [],
      "skipped": [],
      "duration": 0,
      "root": true,
      "rootEmpty": true,
      "_timeout": 2000
    }
  ],
  "meta": {
    "mocha": {
      "version": "7.0.1"
    },
    "mochawesome": {
      "options": {
        "quiet": false,
        "reportFilename": "mochawesome",
        "saveHtml": false,
        "saveJson": true,
        "consoleReporter": "spec",
        "useInlineDiffs": false,
        "code": true
      },
      "version": "7.1.3"
    },
    "marge": {
      "options": {
        "id": "default",
        "reportDir": "cypress/reports/mocha",
        "quite": true,
        "overwrite": false,
        "html": false,
        "json": true
      },
      "version": "6.2.0"
    }
  }
}