{
  "stats": {
    "suites": 1,
    "tests": 3,
    "passes": 1,
    "pending": 0,
    "failures": 2,
    "start": "2022-09-21T21:10:02.043Z",
    "end": "2022-09-21T21:10:03.894Z",
    "duration": 1851,
    "testsRegistered": 3,
    "passPercent": 33.33333333333333,
    "pendingPercent": 0,
    "other": 0,
    "hasOther": false,
    "skipped": 0,
    "hasSkipped": false
  },
  "results": [
    {
      "uuid": "b2dc2a5d-6ff6-4cd5-bebf-51cd84795eed",
      "title": "",
      "fullFile": "cypress/integration/2.login.spec.js",
      "file": "cypress/integration/2.login.spec.js",
      "beforeHooks": [],
      "afterHooks": [],
      "tests": [],
      "suites": [
        {
          "uuid": "1c4798ef-8eb4-4ce6-9568-063d56c9559d",
          "title": "Casos de teste sobre a rota /login da API Serverest",
          "fullFile": "",
          "file": "",
          "beforeHooks": [],
          "afterHooks": [],
          "tests": [
            {
              "title": "Deve realizar o login corretamente",
              "fullTitle": "Casos de teste sobre a rota /login da API Serverest Deve realizar o login corretamente",
              "timedOut": null,
              "duration": 496,
              "state": "passed",
              "speed": "fast",
              "pass": true,
              "fail": false,
              "pending": false,
              "context": null,
              "code": "_serverest.default.buscarUsuarioParaLogin();\ncy.get('@usuarioLogin').then(usuario => {\n  _serverest.default.logar(usuario).then(res => {\n    cy.contractValidation(res, 'post-login', 200);\n    _validaServerest.default.validaLoginComSucesso(res);\n    _serverest.default.salvarBearer(res);\n  });\n});",
              "err": {},
              "uuid": "688ce4bb-fd37-47e5-bd96-086bc7ecc181",
              "parentUUID": "1c4798ef-8eb4-4ce6-9568-063d56c9559d",
              "isHook": false,
              "skipped": false
            },
            {
              "title": "Deve realizar a tentativa de login com senha errada sem sucesso",
              "fullTitle": "Casos de teste sobre a rota /login da API Serverest Deve realizar a tentativa de login com senha errada sem sucesso",
              "timedOut": null,
              "duration": 788,
              "state": "failed",
              "speed": null,
              "pass": false,
              "fail": true,
              "pending": false,
              "context": null,
              "code": "_serverest.default.buscarUsuarioComSenhaErrada();\ncy.get('@usuarioComSenhaErrada').then(usuario => {\n  _serverest.default.logar(usuario).then(res => {\n    cy.contractValidation(res, 'post-login', 400);\n    _validaServerest.default.validaLoginSemSucesso(res);\n  });\n});",
              "err": {
                "message": "AssertionError: expected 401 to equal 400",
                "estack": "AssertionError: expected 401 to equal 400\n    at Function.validaLoginSemSucesso (https://serverest.dev/__cypress/tests?p=cypress\\integration\\2.login.spec.js:566:32)\n    at Context.eval (https://serverest.dev/__cypress/tests?p=cypress\\integration\\2.login.spec.js:197:34)",
                "diff": "- 401\n+ 400\n"
              },
              "uuid": "3d3171f8-8c96-4169-8816-cc5ec761c4e6",
              "parentUUID": "1c4798ef-8eb4-4ce6-9568-063d56c9559d",
              "isHook": false,
              "skipped": false
            },
            {
              "title": "Deve realizar tentativa de login sem sucesso",
              "fullTitle": "Casos de teste sobre a rota /login da API Serverest Deve realizar tentativa de login sem sucesso",
              "timedOut": null,
              "duration": 449,
              "state": "failed",
              "speed": null,
              "pass": false,
              "fail": true,
              "pending": false,
              "context": null,
              "code": "let usuario = {\n  email: 'naoexiste@test.com',\n  password: '123'\n};\n_serverest.default.logar(usuario).then(res => {\n  cy.contractValidation(res, 'post-login', 400);\n  _validaServerest.default.validaLoginSemSucesso(res);\n});",
              "err": {
                "message": "AssertionError: expected 401 to equal 400",
                "estack": "AssertionError: expected 401 to equal 400\n    at Function.validaLoginSemSucesso (https://serverest.dev/__cypress/tests?p=cypress\\integration\\2.login.spec.js:566:32)\n    at Context.eval (https://serverest.dev/__cypress/tests?p=cypress\\integration\\2.login.spec.js:210:32)",
                "diff": "- 401\n+ 400\n"
              },
              "uuid": "30f4446e-5fc2-4c02-a1ef-123a88a42b5b",
              "parentUUID": "1c4798ef-8eb4-4ce6-9568-063d56c9559d",
              "isHook": false,
              "skipped": false
            }
          ],
          "suites": [],
          "passes": [
            "688ce4bb-fd37-47e5-bd96-086bc7ecc181"
          ],
          "failures": [
            "3d3171f8-8c96-4169-8816-cc5ec761c4e6",
            "30f4446e-5fc2-4c02-a1ef-123a88a42b5b"
          ],
          "pending": [],
          "skipped": [],
          "duration": 1733,
          "root": false,
          "rootEmpty": false,
          "_timeout": 2000
        }
      ],
      "passes": [],
      "failures": [],
      "pending": [],
      "skipped": [],
      "duration": 0,
      "root": true,
      "rootEmpty": true,
      "_timeout": 2000
    }
  ],
  "meta": {
    "mocha": {
      "version": "7.0.1"
    },
    "mochawesome": {
      "options": {
        "quiet": false,
        "reportFilename": "mochawesome",
        "saveHtml": false,
        "saveJson": true,
        "consoleReporter": "spec",
        "useInlineDiffs": false,
        "code": true
      },
      "version": "7.1.3"
    },
    "marge": {
      "options": {
        "id": "default",
        "reportDir": "cypress/reports/mocha",
        "quite": true,
        "overwrite": false,
        "html": false,
        "json": true
      },
      "version": "6.2.0"
    }
  }
}