{
  "stats": {
    "suites": 1,
    "tests": 10,
    "passes": 10,
    "pending": 0,
    "failures": 0,
    "start": "2022-09-20T19:37:49.631Z",
    "end": "2022-09-20T19:37:52.598Z",
    "duration": 2967,
    "testsRegistered": 10,
    "passPercent": 100,
    "pendingPercent": 0,
    "other": 0,
    "hasOther": false,
    "skipped": 0,
    "hasSkipped": false
  },
  "results": [
    {
      "uuid": "4746bdd4-ce67-419b-a596-3a99561a0fc7",
      "title": "",
      "fullFile": "cypress/integration/1.usuarios.spec.js",
      "file": "cypress/integration/1.usuarios.spec.js",
      "beforeHooks": [],
      "afterHooks": [],
      "tests": [],
      "suites": [
        {
          "uuid": "5325938d-f3eb-4c39-b56f-16bd685749f7",
          "title": "Casos de teste sobre a rota /usuarios da API Serverest",
          "fullFile": "",
          "file": "",
          "beforeHooks": [],
          "afterHooks": [],
          "tests": [
            {
              "title": "Deve buscar todos os usuários cadastrados",
              "fullTitle": "Casos de teste sobre a rota /usuarios da API Serverest Deve buscar todos os usuários cadastrados",
              "timedOut": null,
              "duration": 672,
              "state": "passed",
              "speed": "fast",
              "pass": true,
              "fail": false,
              "pending": false,
              "context": null,
              "code": "_serverest.default.buscarUsuarios().then(res => {\n  cy.contractValidation(res, 'get-usuarios', 200);\n  _validaServerest.default.validarBuscaDeUsuarios(res);\n});",
              "err": {},
              "uuid": "27c001ed-427e-4928-8ce2-0b0c090fcee4",
              "parentUUID": "5325938d-f3eb-4c39-b56f-16bd685749f7",
              "isHook": false,
              "skipped": false
            },
            {
              "title": "Deve cadastrar um novo usuário administrador",
              "fullTitle": "Casos de teste sobre a rota /usuarios da API Serverest Deve cadastrar um novo usuário administrador",
              "timedOut": null,
              "duration": 220,
              "state": "passed",
              "speed": "fast",
              "pass": true,
              "fail": false,
              "pending": false,
              "context": null,
              "code": "_serverest.default.cadastrarNovoUsuarioAleatorio().then(res => {\n  cy.contractValidation(res, 'post-usuarios', 201);\n  _validaServerest.default.validarCadastroDeUsuarioComSucesso(res);\n});",
              "err": {},
              "uuid": "366ddba6-1388-4984-a382-15ece35f9694",
              "parentUUID": "5325938d-f3eb-4c39-b56f-16bd685749f7",
              "isHook": false,
              "skipped": false
            },
            {
              "title": "Não deve realizar o cadastro de um usuário com e-mail já cadastrado",
              "fullTitle": "Casos de teste sobre a rota /usuarios da API Serverest Não deve realizar o cadastro de um usuário com e-mail já cadastrado",
              "timedOut": null,
              "duration": 437,
              "state": "passed",
              "speed": "fast",
              "pass": true,
              "fail": false,
              "pending": false,
              "context": null,
              "code": "_serverest.default.buscarUsuarioExistente();\ncy.get('@usuarioExistente').then(usuario => {\n  _serverest.default.cadastrarNovoUsuario(usuario).then(res => {\n    cy.contractValidation(res, 'post-usuarios', 400);\n    _validaServerest.default.validarCadastroDeUsuarioSemSucesso(res);\n  });\n});",
              "err": {},
              "uuid": "20ffe3c0-502f-4908-8e28-456b32457794",
              "parentUUID": "5325938d-f3eb-4c39-b56f-16bd685749f7",
              "isHook": false,
              "skipped": false
            },
            {
              "title": "Deve buscar o usuário cadastrado pelo seu Id com sucesso",
              "fullTitle": "Casos de teste sobre a rota /usuarios da API Serverest Deve buscar o usuário cadastrado pelo seu Id com sucesso",
              "timedOut": null,
              "duration": 212,
              "state": "passed",
              "speed": "fast",
              "pass": true,
              "fail": false,
              "pending": false,
              "context": null,
              "code": "_serverest.default.buscarUsuarioPorId().then(res => {\n  cy.contractValidation(res, 'get-usuario-by-id', 200);\n  _validaServerest.default.validarBuscaDeUsuarioPorId(res);\n});",
              "err": {},
              "uuid": "0360a8c7-1b19-4422-b36e-922e09d2c593",
              "parentUUID": "5325938d-f3eb-4c39-b56f-16bd685749f7",
              "isHook": false,
              "skipped": false
            },
            {
              "title": "Deve buscar o usuário cadastrado pelo seu Id sem sucesso",
              "fullTitle": "Casos de teste sobre a rota /usuarios da API Serverest Deve buscar o usuário cadastrado pelo seu Id sem sucesso",
              "timedOut": null,
              "duration": 212,
              "state": "passed",
              "speed": "fast",
              "pass": true,
              "fail": false,
              "pending": false,
              "context": null,
              "code": "_serverest.default.buscarUsuarioPorIdSemSucesso().then(res => {\n  cy.contractValidation(res, 'get-usuario-by-id', 400);\n  _validaServerest.default.validarBuscaDeUsuarioPorIdSemSucesso(res);\n});",
              "err": {},
              "uuid": "aae4e3b8-8a42-4bc3-8407-9ceb8ac08462",
              "parentUUID": "5325938d-f3eb-4c39-b56f-16bd685749f7",
              "isHook": false,
              "skipped": false
            },
            {
              "title": "Deve editar os dados do usuário cadastrado",
              "fullTitle": "Casos de teste sobre a rota /usuarios da API Serverest Deve editar os dados do usuário cadastrado",
              "timedOut": null,
              "duration": 205,
              "state": "passed",
              "speed": "fast",
              "pass": true,
              "fail": false,
              "pending": false,
              "context": null,
              "code": "_serverest.default.editarUsuarioCadastrado().then(res => {\n  cy.contractValidation(res, 'put-usuarios-by-id', 200);\n  _validaServerest.default.validarEdicaoDeUsuario(res);\n});",
              "err": {},
              "uuid": "3bbbbec6-f07e-4de5-86a7-404230f7f32c",
              "parentUUID": "5325938d-f3eb-4c39-b56f-16bd685749f7",
              "isHook": false,
              "skipped": false
            },
            {
              "title": "Deve excluir o usuário cadastrado",
              "fullTitle": "Casos de teste sobre a rota /usuarios da API Serverest Deve excluir o usuário cadastrado",
              "timedOut": null,
              "duration": 197,
              "state": "passed",
              "speed": "fast",
              "pass": true,
              "fail": false,
              "pending": false,
              "context": null,
              "code": "_serverest.default.excluirUsuarioCadastrado().then(res => {\n  cy.contractValidation(res, 'delete-usuarios-by-id', 200);\n  _validaServerest.default.validarExclusaoDeUsuario(res);\n});",
              "err": {},
              "uuid": "29b6d6d6-d8a2-4787-a3e9-e85e382ba8f6",
              "parentUUID": "5325938d-f3eb-4c39-b56f-16bd685749f7",
              "isHook": false,
              "skipped": false
            },
            {
              "title": "Não deve postar um novo usuário administrador já cadastrado",
              "fullTitle": "Casos de teste sobre a rota /usuarios da API Serverest Não deve postar um novo usuário administrador já cadastrado",
              "timedOut": null,
              "duration": 210,
              "state": "passed",
              "speed": "fast",
              "pass": true,
              "fail": false,
              "pending": false,
              "context": null,
              "code": "cy.postarUsuarioSemSucesso().then(res => {\n  cy.contractValidation(res, 'post-usuarios', 400);\n  _validaServerest.default.validarCadastroDeUsuarioSemSucesso(res);\n});",
              "err": {},
              "uuid": "191ddf55-141e-406e-8f75-1556b1668612",
              "parentUUID": "5325938d-f3eb-4c39-b56f-16bd685749f7",
              "isHook": false,
              "skipped": false
            },
            {
              "title": "Deve buscar e salvar um usuário no arquivo json",
              "fullTitle": "Casos de teste sobre a rota /usuarios da API Serverest Deve buscar e salvar um usuário no arquivo json",
              "timedOut": null,
              "duration": 264,
              "state": "passed",
              "speed": "fast",
              "pass": true,
              "fail": false,
              "pending": false,
              "context": null,
              "code": "_serverest.default.buscarUsuarios().then(res => {\n  cy.log(JSON.stringify(res.body.usuarios[0]));\n  cy.writeFile('./cypress/fixtures/users.json', res.body.usuarios[0]);\n  _validaServerest.default.validarBuscaDeUsuarios(res);\n});",
              "err": {},
              "uuid": "618119fd-98a0-48f9-82e0-cea12aa5a6aa",
              "parentUUID": "5325938d-f3eb-4c39-b56f-16bd685749f7",
              "isHook": false,
              "skipped": false
            },
            {
              "title": "Deve buscar e salvar um usuário no arquivo json",
              "fullTitle": "Casos de teste sobre a rota /usuarios da API Serverest Deve buscar e salvar um usuário no arquivo json",
              "timedOut": null,
              "duration": 278,
              "state": "passed",
              "speed": "fast",
              "pass": true,
              "fail": false,
              "pending": false,
              "context": null,
              "code": "_serverest.default.buscarUsuariosAdministradores();\ncy.get('@listaDeAdms').then(res => {\n  cy.log(JSON.stringify(res));\n  cy.writeFile('./cypress/fixtures/usuarios-adms.json', res);\n  _validaServerest.default.validarAdm(res);\n});",
              "err": {},
              "uuid": "8c6c6d9c-1c2c-4844-bc7d-43dd95f1bfa2",
              "parentUUID": "5325938d-f3eb-4c39-b56f-16bd685749f7",
              "isHook": false,
              "skipped": false
            }
          ],
          "suites": [],
          "passes": [
            "27c001ed-427e-4928-8ce2-0b0c090fcee4",
            "366ddba6-1388-4984-a382-15ece35f9694",
            "20ffe3c0-502f-4908-8e28-456b32457794",
            "0360a8c7-1b19-4422-b36e-922e09d2c593",
            "aae4e3b8-8a42-4bc3-8407-9ceb8ac08462",
            "3bbbbec6-f07e-4de5-86a7-404230f7f32c",
            "29b6d6d6-d8a2-4787-a3e9-e85e382ba8f6",
            "191ddf55-141e-406e-8f75-1556b1668612",
            "618119fd-98a0-48f9-82e0-cea12aa5a6aa",
            "8c6c6d9c-1c2c-4844-bc7d-43dd95f1bfa2"
          ],
          "failures": [],
          "pending": [],
          "skipped": [],
          "duration": 2907,
          "root": false,
          "rootEmpty": false,
          "_timeout": 2000
        }
      ],
      "passes": [],
      "failures": [],
      "pending": [],
      "skipped": [],
      "duration": 0,
      "root": true,
      "rootEmpty": true,
      "_timeout": 2000
    }
  ],
  "meta": {
    "mocha": {
      "version": "7.0.1"
    },
    "mochawesome": {
      "options": {
        "quiet": false,
        "reportFilename": "mochawesome",
        "saveHtml": false,
        "saveJson": true,
        "consoleReporter": "spec",
        "useInlineDiffs": false,
        "code": true
      },
      "version": "7.1.3"
    },
    "marge": {
      "options": {
        "id": "default",
        "reportDir": "cypress/reports/mocha",
        "quite": true,
        "overwrite": false,
        "html": false,
        "json": true
      },
      "version": "6.2.0"
    }
  }
}