{
  "stats": {
    "suites": 2,
    "tests": 5,
    "passes": 5,
    "pending": 0,
    "failures": 0,
    "start": "2022-09-21T21:10:22.346Z",
    "end": "2022-09-21T21:10:25.491Z",
    "duration": 3145,
    "testsRegistered": 5,
    "passPercent": 100,
    "pendingPercent": 0,
    "other": 0,
    "hasOther": false,
    "skipped": 0,
    "hasSkipped": false
  },
  "results": [
    {
      "uuid": "d8eae5dc-8d60-4dfe-a9bf-1f263366e6ac",
      "title": "",
      "fullFile": "cypress/integration/4.carrinhos.spec.js",
      "file": "cypress/integration/4.carrinhos.spec.js",
      "beforeHooks": [],
      "afterHooks": [],
      "tests": [],
      "suites": [
        {
          "uuid": "c05719e1-efae-4dd8-832c-3bc206f9db71",
          "title": "Casos de teste sobre a rota /carrinhos da API Serverest",
          "fullFile": "",
          "file": "",
          "beforeHooks": [],
          "afterHooks": [],
          "tests": [
            {
              "title": "Deve buscar todos os carrinhos cadastrados",
              "fullTitle": "Casos de teste sobre a rota /carrinhos da API Serverest Deve buscar todos os carrinhos cadastrados",
              "timedOut": null,
              "duration": 305,
              "state": "passed",
              "speed": "fast",
              "pass": true,
              "fail": false,
              "pending": false,
              "context": null,
              "code": "_serverest.default.buscarCarrinhos().then(res => {\n  cy.contractValidation(res, 'get-carrinhos', 200);\n  _validaServerest.default.validarBuscaDeCarrinhos(res);\n});",
              "err": {},
              "uuid": "0f34af6e-dc55-476f-876d-007df9720a55",
              "parentUUID": "c05719e1-efae-4dd8-832c-3bc206f9db71",
              "isHook": false,
              "skipped": false
            }
          ],
          "suites": [
            {
              "uuid": "a6fadb46-22c9-49e5-afd0-841fad11b6a8",
              "title": "Realizar o login com sucesso",
              "fullFile": "",
              "file": "",
              "beforeHooks": [],
              "afterHooks": [],
              "tests": [
                {
                  "title": "Deve cadastrar um carrinho com sucesso",
                  "fullTitle": "Casos de teste sobre a rota /carrinhos da API Serverest Realizar o login com sucesso Deve cadastrar um carrinho com sucesso",
                  "timedOut": null,
                  "duration": 843,
                  "state": "passed",
                  "speed": "fast",
                  "pass": true,
                  "fail": false,
                  "pending": false,
                  "context": null,
                  "code": "_serverest.default.buscarProdutoParaCarrinho(); //Aqui eu faço a busca de um produto aleatório dentro da lista de produtos\n\ncy.get('@produtoParaCarrinho').then(produto => {\n  //O produto retornado na linha acima é chamado aqui no cy.get('@produtoParaCarrinho') e enviado para a próxima função para a adição do carrinho\n  _serverest.default.adicionarCarrinhoComSucesso(produto).then(res => {\n    cy.contractValidation(res, 'post-carrinhos', 201);\n    _validaServerest.default.validarCadastroDeCarrinho(res);\n  });\n});",
                  "err": {},
                  "uuid": "7f8fc7d4-45f1-4b2f-be65-6670181673ca",
                  "parentUUID": "a6fadb46-22c9-49e5-afd0-841fad11b6a8",
                  "isHook": false,
                  "skipped": false
                },
                {
                  "title": "Deve buscar um carrinho pelo seu Id",
                  "fullTitle": "Casos de teste sobre a rota /carrinhos da API Serverest Realizar o login com sucesso Deve buscar um carrinho pelo seu Id",
                  "timedOut": null,
                  "duration": 609,
                  "state": "passed",
                  "speed": "fast",
                  "pass": true,
                  "fail": false,
                  "pending": false,
                  "context": null,
                  "code": "_serverest.default.buscarCarrinhoCadastradoPorId().then(res => {\n  cy.contractValidation(res, 'get-carrinhos-by-id', 200);\n  _validaServerest.default.validarBuscaDeCarrinhoPorId(res);\n});",
                  "err": {},
                  "uuid": "df21032a-57e4-414f-b38f-f9a7be55cac8",
                  "parentUUID": "a6fadb46-22c9-49e5-afd0-841fad11b6a8",
                  "isHook": false,
                  "skipped": false
                },
                {
                  "title": "Deve realizar a busca de um carrinho por um Id não existente",
                  "fullTitle": "Casos de teste sobre a rota /carrinhos da API Serverest Realizar o login com sucesso Deve realizar a busca de um carrinho por um Id não existente",
                  "timedOut": null,
                  "duration": 669,
                  "state": "passed",
                  "speed": "fast",
                  "pass": true,
                  "fail": false,
                  "pending": false,
                  "context": null,
                  "code": "_serverest.default.buscarCarrinhoCadastradoPorIdSemSucesso().then(res => {\n  cy.contractValidation(res, 'get-carrinhos-by-id', 400);\n  _validaServerest.default.validarBuscaDeCarrinhoCadastradoPorIdSemSucesso(res);\n});",
                  "err": {},
                  "uuid": "bd9b1df8-cf27-4e31-be50-4238396a305d",
                  "parentUUID": "a6fadb46-22c9-49e5-afd0-841fad11b6a8",
                  "isHook": false,
                  "skipped": false
                },
                {
                  "title": "Deve realizar a exclusão do carrinho através da finalização da compra com sucesso",
                  "fullTitle": "Casos de teste sobre a rota /carrinhos da API Serverest Realizar o login com sucesso Deve realizar a exclusão do carrinho através da finalização da compra com sucesso",
                  "timedOut": null,
                  "duration": 673,
                  "state": "passed",
                  "speed": "fast",
                  "pass": true,
                  "fail": false,
                  "pending": false,
                  "context": null,
                  "code": "_serverest.default.concluirCompraComSucesso().then(res => {\n  cy.contractValidation(res, 'delete-carrinhos-concluir-compra', 200);\n  _validaServerest.default.validarFinalizaçãoDeCompraComSucesso(res);\n});",
                  "err": {},
                  "uuid": "a4142e83-3ca2-4897-ba79-60bd3ba234ef",
                  "parentUUID": "a6fadb46-22c9-49e5-afd0-841fad11b6a8",
                  "isHook": false,
                  "skipped": false
                }
              ],
              "suites": [],
              "passes": [
                "7f8fc7d4-45f1-4b2f-be65-6670181673ca",
                "df21032a-57e4-414f-b38f-f9a7be55cac8",
                "bd9b1df8-cf27-4e31-be50-4238396a305d",
                "a4142e83-3ca2-4897-ba79-60bd3ba234ef"
              ],
              "failures": [],
              "pending": [],
              "skipped": [],
              "duration": 2794,
              "root": false,
              "rootEmpty": false,
              "_timeout": 2000
            }
          ],
          "passes": [
            "0f34af6e-dc55-476f-876d-007df9720a55"
          ],
          "failures": [],
          "pending": [],
          "skipped": [],
          "duration": 305,
          "root": false,
          "rootEmpty": false,
          "_timeout": 2000
        }
      ],
      "passes": [],
      "failures": [],
      "pending": [],
      "skipped": [],
      "duration": 0,
      "root": true,
      "rootEmpty": true,
      "_timeout": 2000
    }
  ],
  "meta": {
    "mocha": {
      "version": "7.0.1"
    },
    "mochawesome": {
      "options": {
        "quiet": false,
        "reportFilename": "mochawesome",
        "saveHtml": false,
        "saveJson": true,
        "consoleReporter": "spec",
        "useInlineDiffs": false,
        "code": true
      },
      "version": "7.1.3"
    },
    "marge": {
      "options": {
        "id": "default",
        "reportDir": "cypress/reports/mocha",
        "quite": true,
        "overwrite": false,
        "html": false,
        "json": true
      },
      "version": "6.2.0"
    }
  }
}